<?xml version="1.0" encoding="UTF-8"?>
<!-- Generated by org.testng.reporters.JUnitXMLReporter -->
<testsuite ignored="0" hostname="HP" failures="0" tests="4" name="Default test" time="20.081" errors="0" timestamp="2023-01-02T20:20:40 IST">
  <testcase classname="regression.AddToBasketTest" name="verifySearchInputField" time="0.11"/>
  <testcase classname="regression.AddToBasketTest" name="verifySearchedProductIsDisplayedOnSearchPage" time="1.628"/>
  <testcase classname="regression.AddToBasketTest" name="verifyUserCanAddProductToBasket" time="1.561"/>
  <testcase classname="regression.AddToBasketTest" name="verifyNewProductWillAddedFromViewBasketPage" time="4.725"/>
</testsuite> <!-- Default test -->
