<?xml version="1.0" encoding="UTF-8"?>
<testng-results ignored="0" total="4" passed="4" failed="0" skipped="0">
  <reporter-output>
  </reporter-output>
  <suite started-at="2023-01-02T20:20:20 IST" name="Default suite" finished-at="2023-01-02T20:20:40 IST" duration-ms="20081">
    <groups>
    </groups>
    <test started-at="2023-01-02T20:20:20 IST" name="Default test" finished-at="2023-01-02T20:20:40 IST" duration-ms="20081">
      <class name="regression.AddToBasketTest">
        <test-method is-config="true" signature="beforeSuite()[pri:0, instance:regression.AddToBasketTest@3232a28a]" started-at="2023-01-02T20:20:20 IST" name="beforeSuite" finished-at="2023-01-02T20:20:20 IST" duration-ms="261" status="PASS">
          <reporter-output>
          </reporter-output>
        </test-method> <!-- beforeSuite -->
        <test-method is-config="true" signature="beforeClassOfA()[pri:0, instance:regression.AddToBasketTest@3232a28a]" started-at="2023-01-02T20:20:20 IST" name="beforeClassOfA" finished-at="2023-01-02T20:20:31 IST" duration-ms="11517" status="PASS">
          <reporter-output>
          </reporter-output>
        </test-method> <!-- beforeClassOfA -->
        <test-method is-config="true" signature="beforeMethod(java.lang.reflect.Method)[pri:0, instance:regression.AddToBasketTest@3232a28a]" started-at="2023-01-02T20:20:31 IST" name="beforeMethod" finished-at="2023-01-02T20:20:31 IST" duration-ms="8" status="PASS">
          <params>
            <param index="0">
              <value>
                <![CDATA[public void regression.AddToBasketTest.verifySearchInputField()]]>
              </value>
            </param>
          </params>
          <reporter-output>
          </reporter-output>
        </test-method> <!-- beforeMethod -->
        <test-method signature="verifySearchInputField()[pri:1, instance:regression.AddToBasketTest@3232a28a]" started-at="2023-01-02T20:20:31 IST" name="verifySearchInputField" finished-at="2023-01-02T20:20:32 IST" duration-ms="110" status="PASS">
          <reporter-output>
          </reporter-output>
        </test-method> <!-- verifySearchInputField -->
        <test-method is-config="true" signature="afterMethod(org.testng.ITestResult)[pri:0, instance:regression.AddToBasketTest@3232a28a]" started-at="2023-01-02T20:20:32 IST" name="afterMethod" finished-at="2023-01-02T20:20:32 IST" duration-ms="18" status="PASS">
          <params>
            <param index="0">
              <value>
                <![CDATA[[TestResult name=verifySearchInputField status=SUCCESS method=AddToBasketTest.verifySearchInputField()[pri:1, instance:regression.AddToBasketTest@3232a28a] output={null}]]]>
              </value>
            </param>
          </params>
          <reporter-output>
          </reporter-output>
        </test-method> <!-- afterMethod -->
        <test-method is-config="true" signature="beforeMethod(java.lang.reflect.Method)[pri:0, instance:regression.AddToBasketTest@3232a28a]" started-at="2023-01-02T20:20:32 IST" name="beforeMethod" finished-at="2023-01-02T20:20:32 IST" duration-ms="0" status="PASS">
          <params>
            <param index="0">
              <value>
                <![CDATA[public void regression.AddToBasketTest.verifySearchedProductIsDisplayedOnSearchPage()]]>
              </value>
            </param>
          </params>
          <reporter-output>
          </reporter-output>
        </test-method> <!-- beforeMethod -->
        <test-method signature="verifySearchedProductIsDisplayedOnSearchPage()[pri:2, instance:regression.AddToBasketTest@3232a28a]" started-at="2023-01-02T20:20:32 IST" name="verifySearchedProductIsDisplayedOnSearchPage" finished-at="2023-01-02T20:20:33 IST" duration-ms="1628" status="PASS">
          <reporter-output>
          </reporter-output>
        </test-method> <!-- verifySearchedProductIsDisplayedOnSearchPage -->
        <test-method is-config="true" signature="afterMethod(org.testng.ITestResult)[pri:0, instance:regression.AddToBasketTest@3232a28a]" started-at="2023-01-02T20:20:33 IST" name="afterMethod" finished-at="2023-01-02T20:20:33 IST" duration-ms="0" status="PASS">
          <params>
            <param index="0">
              <value>
                <![CDATA[[TestResult name=verifySearchedProductIsDisplayedOnSearchPage status=SUCCESS method=AddToBasketTest.verifySearchedProductIsDisplayedOnSearchPage()[pri:2, instance:regression.AddToBasketTest@3232a28a] output={null}]]]>
              </value>
            </param>
          </params>
          <reporter-output>
          </reporter-output>
        </test-method> <!-- afterMethod -->
        <test-method is-config="true" signature="beforeMethod(java.lang.reflect.Method)[pri:0, instance:regression.AddToBasketTest@3232a28a]" started-at="2023-01-02T20:20:33 IST" name="beforeMethod" finished-at="2023-01-02T20:20:33 IST" duration-ms="0" status="PASS">
          <params>
            <param index="0">
              <value>
                <![CDATA[public void regression.AddToBasketTest.verifyUserCanAddProductToBasket()]]>
              </value>
            </param>
          </params>
          <reporter-output>
          </reporter-output>
        </test-method> <!-- beforeMethod -->
        <test-method signature="verifyUserCanAddProductToBasket()[pri:3, instance:regression.AddToBasketTest@3232a28a]" started-at="2023-01-02T20:20:33 IST" name="verifyUserCanAddProductToBasket" finished-at="2023-01-02T20:20:35 IST" duration-ms="1561" status="PASS">
          <reporter-output>
          </reporter-output>
        </test-method> <!-- verifyUserCanAddProductToBasket -->
        <test-method is-config="true" signature="afterMethod(org.testng.ITestResult)[pri:0, instance:regression.AddToBasketTest@3232a28a]" started-at="2023-01-02T20:20:35 IST" name="afterMethod" finished-at="2023-01-02T20:20:35 IST" duration-ms="1" status="PASS">
          <params>
            <param index="0">
              <value>
                <![CDATA[[TestResult name=verifyUserCanAddProductToBasket status=SUCCESS method=AddToBasketTest.verifyUserCanAddProductToBasket()[pri:3, instance:regression.AddToBasketTest@3232a28a] output={null}]]]>
              </value>
            </param>
          </params>
          <reporter-output>
          </reporter-output>
        </test-method> <!-- afterMethod -->
        <test-method is-config="true" signature="beforeMethod(java.lang.reflect.Method)[pri:0, instance:regression.AddToBasketTest@3232a28a]" started-at="2023-01-02T20:20:35 IST" name="beforeMethod" finished-at="2023-01-02T20:20:35 IST" duration-ms="2" status="PASS">
          <params>
            <param index="0">
              <value>
                <![CDATA[public void regression.AddToBasketTest.verifyNewProductWillAddedFromViewBasketPage()]]>
              </value>
            </param>
          </params>
          <reporter-output>
          </reporter-output>
        </test-method> <!-- beforeMethod -->
        <test-method signature="verifyNewProductWillAddedFromViewBasketPage()[pri:4, instance:regression.AddToBasketTest@3232a28a]" started-at="2023-01-02T20:20:35 IST" name="verifyNewProductWillAddedFromViewBasketPage" finished-at="2023-01-02T20:20:40 IST" duration-ms="4725" status="PASS">
          <reporter-output>
          </reporter-output>
        </test-method> <!-- verifyNewProductWillAddedFromViewBasketPage -->
        <test-method is-config="true" signature="afterMethod(org.testng.ITestResult)[pri:0, instance:regression.AddToBasketTest@3232a28a]" started-at="2023-01-02T20:20:40 IST" name="afterMethod" finished-at="2023-01-02T20:20:40 IST" duration-ms="1" status="PASS">
          <params>
            <param index="0">
              <value>
                <![CDATA[[TestResult name=verifyNewProductWillAddedFromViewBasketPage status=SUCCESS method=AddToBasketTest.verifyNewProductWillAddedFromViewBasketPage()[pri:4, instance:regression.AddToBasketTest@3232a28a] output={null}]]]>
              </value>
            </param>
          </params>
          <reporter-output>
          </reporter-output>
        </test-method> <!-- afterMethod -->
        <test-method is-config="true" signature="afterClass()[pri:0, instance:regression.AddToBasketTest@3232a28a]" started-at="2023-01-02T20:20:40 IST" name="afterClass" finished-at="2023-01-02T20:20:40 IST" duration-ms="434" status="PASS">
          <reporter-output>
          </reporter-output>
        </test-method> <!-- afterClass -->
        <test-method is-config="true" signature="afterSuiteMethod()[pri:0, instance:regression.AddToBasketTest@3232a28a]" started-at="2023-01-02T20:20:40 IST" name="afterSuiteMethod" finished-at="2023-01-02T20:20:40 IST" duration-ms="430" status="PASS">
          <reporter-output>
          </reporter-output>
        </test-method> <!-- afterSuiteMethod -->
      </class> <!-- regression.AddToBasketTest -->
    </test> <!-- Default test -->
  </suite> <!-- Default suite -->
</testng-results>
